<?xml version="1.0" encoding="UTF-8"?>
<testsuite xmlns:xsi="http://www.w3.org/2001/XMLSchema-instance" xsi:noNamespaceSchemaLocation="https://maven.apache.org/surefire/maven-surefire-plugin/xsd/surefire-test-report-3.0.xsd" version="3.0" name="com.example.AppTest" time="4.089" tests="2" errors="0" skipped="0" failures="0">
  <properties>
[...]
</properties>
  <testcase name="homeEndpointReturnsApplicationStatus" classname="com.example.AppTest" time="0.756">
    <system-out><![CDATA[20:28:35.696 [main] INFO org.springframework.test.context.support.AnnotationConfigContextLoaderUtils -- Could not detect default configuration classes for test class [com.example.AppTest]: AppTest does not declare any static, non-private, non-final, nested classes annotated with @Configuration.
20:28:35.888 [main] INFO org.springframework.boot.test.context.SpringBootTestContextBootstrapper -- Found @SpringBootConfiguration com.example.App for test class com.example.AppTest

  .   ____          _            __ _ _
 /\\ / ___'_ __ _ _(_)_ __  __ _ \ \ \ \
( ( )\___ | '_ | '_| | '_ \/ _` | \ \ \ \
 \\/  ___)| |_)| | | | | || (_| |  ) ) ) )
  '  |____| .__|_| |_|_| |_\__, | / / / /
 =========|_|==============|___/=/_/_/_/
 :: Spring Boot ::                (v3.2.0)

2026-04-12 20:28:36.573 INFO  [main] com.example.AppTest - Starting AppTest using Java 24.0.1 with PID 28500 (started by ISHA SAHAY in D:\cicd\app)
2026-04-12 20:28:36.575 INFO  [main] com.example.AppTest - No active profile set, falling back to 1 default profile: "default"
2026-04-12 20:28:38.575 INFO  [main] o.s.b.t.m.w.SpringBootMockServletContext - Initializing Spring TestDispatcherServlet ''
2026-04-12 20:28:38.575 INFO  [main] o.s.t.w.s.TestDispatcherServlet - Initializing Servlet ''
2026-04-12 20:28:38.592 INFO  [main] o.s.b.a.e.web.EndpointLinksResolver - Exposing 2 endpoint(s) beneath base path '/actuator'
2026-04-12 20:28:38.606 INFO  [main] o.s.t.w.s.TestDispatcherServlet - Completed initialization in 30 ms
2026-04-12 20:28:38.688 INFO  [main] com.example.AppTest - Started AppTest in 2.632 seconds (process running for 3.873)
2026-04-12 20:28:39.562 INFO  [main] com.example.App - Home endpoint requested
]]></system-out>
    <system-err><![CDATA[WARNING: A Java agent has been loaded dynamically (C:\Users\ISHA SAHAY\.m2\repository\net\bytebuddy\byte-buddy-agent\1.14.10\byte-buddy-agent-1.14.10.jar)
WARNING: If a serviceability tool is in use, please run with -XX:+EnableDynamicAgentLoading to hide this warning
WARNING: If a serviceability tool is not in use, please run with -Djdk.instrument.traceUsage for more information
WARNING: Dynamic loading of agents will be disallowed by default in a future release
]]></system-err>
  </testcase>
  <testcase name="healthEndpointReturnsOk" classname="com.example.AppTest" time="0.007">
    <system-out><![CDATA[2026-04-12 20:28:39.605 INFO  [main] com.example.App - Health endpoint requested
]]></system-out>
  </testcase>
</testsuite>